<?xml version="1.0" encoding="utf-8"?>

<LinearLayout xmlns:android="http://schemas.android.com/apk/res/android"
    android:layout_width="match_parent"
    android:layout_height="wrap_content"
    android:orientation="vertical">

    <RelativeLayout xmlns:android="http://schemas.android.com/apk/res/android"
        android:layout_width="match_parent"
        android:layout_height="@dimen/list_row"
        android:orientation="horizontal">

        <TextView
            android:layout_width="wrap_content"
            android:layout_height="match_parent"
            android:gravity="center"
            android:paddingStart="@dimen/twenty_four_dp"
            android:text="@string/total_score"
            android:textSize="18sp" />

        <TextView
            android:id="@+id/score_placeholder"
            android:layout_width="wrap_content"
            android:layout_height="match_parent"
            android:layout_alignParentEnd="true"
            android:gravity="center"
            android:paddingEnd="@dimen/twenty_four_dp"
            android:textSize="24sp" />
    </RelativeLayout>

    <ListView
        android:id="@+id/result_list"
        android:layout_width="match_parent"
        android:layout_height="wrap_content"
        android:clickable="false"
        android:entries="@array/intervals"/>
</LinearLayout>